Using pre-set license
Built from '2020.2/release' branch; Version is '2020.2.0f1 (3721df5a8b28) revision 3613151'; Using compiler version '192528614'; Build Type 'Release'
OS: 'Windows 10  (10.0.0) 64bit' Language: 'ko' Physical Memory: 16317 MB
BatchMode: 1, IsHumanControllingUs: 0, StartBugReporterOnCrash: 0, Is64bit: 1, IsPro: 0

 COMMAND LINE ARGUMENTS:
C:\Program Files\Unity\Hub\Editor\2020.2.0f1\Editor\Unity.exe
-adb2
-batchMode
-noUpm
-name
AssetImportWorker0
-projectPath
C:/Users/yytte/FpsProject
-logFile
Logs/AssetImportWorker0.log
-srvPort
4385
Successfully changed project path to: C:/Users/yytte/FpsProject
C:/Users/yytte/FpsProject
Using Asset Import Pipeline V2.
Refreshing native plugins compatible for Editor in 50.43 ms, found 0 plugins.
Preloading 0 native plugins for Editor in 0.00 ms.
Initialize engine version: 2020.2.0f1 (3721df5a8b28)
[Subsystems] Discovering subsystems at path C:/Program Files/Unity/Hub/Editor/2020.2.0f1/Editor/Data/Resources/UnitySubsystems
[Subsystems] Discovering subsystems at path C:/Users/yytte/FpsProject/Assets
GfxDevice: creating device client; threaded=0
Direct3D:
    Version:  Direct3D 11.0 [level 11.1]
    Renderer: NVIDIA GeForce GTX 1060 6GB (ID=0x1c03)
    Vendor:   
    VRAM:     6052 MB
    Driver:   26.21.14.3200
Initialize mono
Mono path[0] = 'C:/Program Files/Unity/Hub/Editor/2020.2.0f1/Editor/Data/Managed'
Mono path[1] = 'C:/Program Files/Unity/Hub/Editor/2020.2.0f1/Editor/Data/MonoBleedingEdge/lib/mono/unityjit'
Mono config path = 'C:/Program Files/Unity/Hub/Editor/2020.2.0f1/Editor/Data/MonoBleedingEdge/etc'
Using monoOptions --debugger-agent=transport=dt_socket,embedding=1,server=y,suspend=n,address=127.0.0.1:56432
Begin MonoManager ReloadAssembly
Registering precompiled unity dll's ...
Register platform support module: C:/Program Files/Unity/Hub/Editor/2020.2.0f1/Editor/Data/PlaybackEngines/WindowsStandaloneSupport/UnityEditor.WindowsStandalone.Extensions.dll
Registered in 0.014341 seconds.
Native extension for WindowsStandalone target not found
Refreshing native plugins compatible for Editor in 37.74 ms, found 0 plugins.
Preloading 0 native plugins for Editor in 0.00 ms.
Invoked RoslynAnalysisRunner static constructor.
RoslynAnalysisRunner will not be running.
RoslynAnalysisRunner has terminated.
Mono: successfully reloaded assembly
- Completed reload, in 15.955 seconds
Platform modules already initialized, skipping
Registering precompiled user dll's ...
Registered in 0.002602 seconds.
Begin MonoManager ReloadAssembly
Native extension for WindowsStandalone target not found
Refreshing native plugins compatible for Editor in 0.30 ms, found 0 plugins.
Preloading 0 native plugins for Editor in 0.00 ms.
Invoked RoslynAnalysisRunner static constructor.
RoslynAnalysisRunner will not be running.
RoslynAnalysisRunner has terminated.
Mono: successfully reloaded assembly
- Completed reload, in  5.303 seconds
Platform modules already initialized, skipping
========================================================================
Worker process is ready to serve import requests
Launched and connected shader compiler UnityShaderCompiler.exe after 0.15 seconds
Refreshing native plugins compatible for Editor in 0.21 ms, found 0 plugins.
Preloading 0 native plugins for Editor in 0.00 ms.
Unloading 1101 Unused Serialized files (Serialized files now loaded: 0)
System memory in use before: 61.0 MB.
System memory in use after: 61.1 MB.

Unloading 10 unused Assets to reduce memory usage. Loaded Objects now: 1551.
Total: 7.208800 ms (FindLiveObjects: 0.550700 ms CreateObjectMapping: 3.143300 ms MarkObjects: 2.955200 ms  DeleteObjects: 0.558000 ms)

========================================================================
Received Import Request.
  path: Assets/ServerManager.cs
  artifactKey: Guid(26a51da61b05f394e9ebba524191f230) Importer(815301076,1909f56bfc062723c751e8b465ee728b)
Start importing Assets/ServerManager.cs using Guid(26a51da61b05f394e9ebba524191f230) Importer(815301076,1909f56bfc062723c751e8b465ee728b)  -> (artifact id: '207288fddb70059bfbc533f4557454b8') in 0.226524 seconds
  Import took 0.230955 seconds .

========================================================================
Received Import Request.
  Time since last request: 2436.207585 seconds.
  path: Assets/ServerManager.cs
  artifactKey: Guid(26a51da61b05f394e9ebba524191f230) Importer(815301076,1909f56bfc062723c751e8b465ee728b)
Start importing Assets/ServerManager.cs using Guid(26a51da61b05f394e9ebba524191f230) Importer(815301076,1909f56bfc062723c751e8b465ee728b)  -> (artifact id: '98f5723d8b435e8f1afb6e6febb74797') in 0.013450 seconds
  Import took 0.024758 seconds .

========================================================================
Received Import Request.
  Time since last request: 0.001776 seconds.
  path: Assets/ServerManager.cs
  artifactKey: Guid(26a51da61b05f394e9ebba524191f230) Importer(815301076,1909f56bfc062723c751e8b465ee728b)
Start importing Assets/ServerManager.cs using Guid(26a51da61b05f394e9ebba524191f230) Importer(815301076,1909f56bfc062723c751e8b465ee728b)  -> (artifact id: '98f5723d8b435e8f1afb6e6febb74797') in 0.008678 seconds
  Import took 0.013245 seconds .

========================================================================
Received Prepare
Registering precompiled user dll's ...
Registered in 0.002037 seconds.
Begin MonoManager ReloadAssembly
Native extension for WindowsStandalone target not found
Refreshing native plugins compatible for Editor in 0.31 ms, found 0 plugins.
Preloading 0 native plugins for Editor in 0.00 ms.
Invoked RoslynAnalysisRunner static constructor.
RoslynAnalysisRunner will not be running.
RoslynAnalysisRunner has terminated.
Mono: successfully reloaded assembly
- Completed reload, in  1.261 seconds
Platform modules already initialized, skipping
Refreshing native plugins compatible for Editor in 0.23 ms, found 0 plugins.
Preloading 0 native plugins for Editor in 0.00 ms.
Unloading 1095 Unused Serialized files (Serialized files now loaded: 0)
System memory in use before: 61.3 MB.
System memory in use after: 61.3 MB.

Unloading 5 unused Assets to reduce memory usage. Loaded Objects now: 1553.
Total: 2.495300 ms (FindLiveObjects: 0.311200 ms CreateObjectMapping: 0.107800 ms MarkObjects: 2.013200 ms  DeleteObjects: 0.061300 ms)

========================================================================
Received Import Request.
  Time since last request: 2010.035762 seconds.
  path: Assets/ServerManager.cs
  artifactKey: Guid(26a51da61b05f394e9ebba524191f230) Importer(815301076,1909f56bfc062723c751e8b465ee728b)
Start importing Assets/ServerManager.cs using Guid(26a51da61b05f394e9ebba524191f230) Importer(815301076,1909f56bfc062723c751e8b465ee728b)  -> (artifact id: 'f59cf77294c4cc536e3790eb9602ce4c') in 0.013386 seconds
  Import took 0.016401 seconds .

========================================================================
Received Prepare
Registering precompiled user dll's ...
Registered in 0.007632 seconds.
Begin MonoManager ReloadAssembly
Native extension for WindowsStandalone target not found
Refreshing native plugins compatible for Editor in 0.23 ms, found 0 plugins.
Preloading 0 native plugins for Editor in 0.00 ms.
Invoked RoslynAnalysisRunner static constructor.
RoslynAnalysisRunner will not be running.
RoslynAnalysisRunner has terminated.
Mono: successfully reloaded assembly
- Completed reload, in  1.434 seconds
Platform modules already initialized, skipping
Refreshing native plugins compatible for Editor in 0.30 ms, found 0 plugins.
Preloading 0 native plugins for Editor in 0.00 ms.
Unloading 1095 Unused Serialized files (Serialized files now loaded: 0)
System memory in use before: 61.5 MB.
System memory in use after: 61.6 MB.

Unloading 5 unused Assets to reduce memory usage. Loaded Objects now: 1555.
Total: 1.848000 ms (FindLiveObjects: 0.120400 ms CreateObjectMapping: 0.034100 ms MarkObjects: 1.632000 ms  DeleteObjects: 0.060300 ms)

========================================================================
Received Prepare
Refreshing native plugins compatible for Editor in 1.71 ms, found 0 plugins.
Preloading 0 native plugins for Editor in 0.00 ms.
Unloading 3 Unused Serialized files (Serialized files now loaded: 0)
System memory in use before: 40.4 MB.
System memory in use after: 40.5 MB.

Unloading 3 unused Assets to reduce memory usage. Loaded Objects now: 1555.
Total: 3.035300 ms (FindLiveObjects: 0.219500 ms CreateObjectMapping: 0.041100 ms MarkObjects: 2.698800 ms  DeleteObjects: 0.074000 ms)

========================================================================
Received Prepare
Registering precompiled user dll's ...
Registered in 0.002260 seconds.
Begin MonoManager ReloadAssembly
Native extension for WindowsStandalone target not found
Refreshing native plugins compatible for Editor in 0.24 ms, found 0 plugins.
Preloading 0 native plugins for Editor in 0.00 ms.
Invoked RoslynAnalysisRunner static constructor.
RoslynAnalysisRunner will not be running.
RoslynAnalysisRunner has terminated.
Mono: successfully reloaded assembly
- Completed reload, in  2.064 seconds
Platform modules already initialized, skipping
Refreshing native plugins compatible for Editor in 0.25 ms, found 0 plugins.
Preloading 0 native plugins for Editor in 0.00 ms.
Unloading 1095 Unused Serialized files (Serialized files now loaded: 0)
System memory in use before: 62.4 MB.
System memory in use after: 62.5 MB.

Unloading 5 unused Assets to reduce memory usage. Loaded Objects now: 1557.
Total: 1.629400 ms (FindLiveObjects: 0.131700 ms CreateObjectMapping: 0.045800 ms MarkObjects: 1.348000 ms  DeleteObjects: 0.102900 ms)

========================================================================
Received Prepare
Registering precompiled user dll's ...
Registered in 0.001450 seconds.
Begin MonoManager ReloadAssembly
Native extension for WindowsStandalone target not found
Refreshing native plugins compatible for Editor in 0.21 ms, found 0 plugins.
Preloading 0 native plugins for Editor in 0.00 ms.
Invoked RoslynAnalysisRunner static constructor.
RoslynAnalysisRunner will not be running.
RoslynAnalysisRunner has terminated.
Mono: successfully reloaded assembly
- Completed reload, in  0.997 seconds
Platform modules already initialized, skipping
Refreshing native plugins compatible for Editor in 0.31 ms, found 0 plugins.
Preloading 0 native plugins for Editor in 0.00 ms.
Unloading 1095 Unused Serialized files (Serialized files now loaded: 0)
System memory in use before: 62.5 MB.
System memory in use after: 62.6 MB.

Unloading 5 unused Assets to reduce memory usage. Loaded Objects now: 1559.
Total: 1.709200 ms (FindLiveObjects: 0.158700 ms CreateObjectMapping: 0.119500 ms MarkObjects: 1.345200 ms  DeleteObjects: 0.084800 ms)

========================================================================
Received Prepare
Registering precompiled user dll's ...
Registered in 0.001471 seconds.
Begin MonoManager ReloadAssembly
Native extension for WindowsStandalone target not found
Refreshing native plugins compatible for Editor in 0.23 ms, found 0 plugins.
Preloading 0 native plugins for Editor in 0.00 ms.
Invoked RoslynAnalysisRunner static constructor.
RoslynAnalysisRunner will not be running.
RoslynAnalysisRunner has terminated.
Mono: successfully reloaded assembly
- Completed reload, in  1.112 seconds
Platform modules already initialized, skipping
Refreshing native plugins compatible for Editor in 0.23 ms, found 0 plugins.
Preloading 0 native plugins for Editor in 0.00 ms.
Unloading 1095 Unused Serialized files (Serialized files now loaded: 0)
System memory in use before: 62.2 MB.
System memory in use after: 62.3 MB.

Unloading 5 unused Assets to reduce memory usage. Loaded Objects now: 1561.
Total: 1.572400 ms (FindLiveObjects: 0.127100 ms CreateObjectMapping: 0.048000 ms MarkObjects: 1.318900 ms  DeleteObjects: 0.077500 ms)

========================================================================
Received Prepare
Refreshing native plugins compatible for Editor in 2.20 ms, found 0 plugins.
Preloading 0 native plugins for Editor in 0.00 ms.
Unloading 3 Unused Serialized files (Serialized files now loaded: 0)
System memory in use before: 40.9 MB.
System memory in use after: 41.0 MB.

Unloading 3 unused Assets to reduce memory usage. Loaded Objects now: 1561.
Total: 4.764300 ms (FindLiveObjects: 0.136400 ms CreateObjectMapping: 0.036500 ms MarkObjects: 4.422700 ms  DeleteObjects: 0.167000 ms)

========================================================================
Received Prepare
Registering precompiled user dll's ...
Registered in 0.007655 seconds.
Begin MonoManager ReloadAssembly
Native extension for WindowsStandalone target not found
Refreshing native plugins compatible for Editor in 0.26 ms, found 0 plugins.
Preloading 0 native plugins for Editor in 0.00 ms.
Invoked RoslynAnalysisRunner static constructor.
RoslynAnalysisRunner will not be running.
RoslynAnalysisRunner has terminated.
Mono: successfully reloaded assembly
- Completed reload, in  3.513 seconds
Platform modules already initialized, skipping
Refreshing native plugins compatible for Editor in 0.25 ms, found 0 plugins.
Preloading 0 native plugins for Editor in 0.00 ms.
Unloading 1095 Unused Serialized files (Serialized files now loaded: 0)
System memory in use before: 62.0 MB.
System memory in use after: 62.0 MB.

Unloading 5 unused Assets to reduce memory usage. Loaded Objects now: 1563.
Total: 6.525800 ms (FindLiveObjects: 0.136100 ms CreateObjectMapping: 0.044500 ms MarkObjects: 6.226800 ms  DeleteObjects: 0.116700 ms)

========================================================================
Received Prepare
Registering precompiled user dll's ...
Registered in 0.001952 seconds.
Begin MonoManager ReloadAssembly
Native extension for WindowsStandalone target not found
Refreshing native plugins compatible for Editor in 0.28 ms, found 0 plugins.
Preloading 0 native plugins for Editor in 0.00 ms.
Invoked RoslynAnalysisRunner static constructor.
RoslynAnalysisRunner will not be running.
RoslynAnalysisRunner has terminated.
Mono: successfully reloaded assembly
- Completed reload, in  1.159 seconds
Platform modules already initialized, skipping
Refreshing native plugins compatible for Editor in 0.30 ms, found 0 plugins.
Preloading 0 native plugins for Editor in 0.00 ms.
Unloading 1095 Unused Serialized files (Serialized files now loaded: 0)
System memory in use before: 62.3 MB.
System memory in use after: 62.4 MB.

Unloading 5 unused Assets to reduce memory usage. Loaded Objects now: 1565.
Total: 2.733000 ms (FindLiveObjects: 0.209800 ms CreateObjectMapping: 0.072500 ms MarkObjects: 1.832200 ms  DeleteObjects: 0.617300 ms)

========================================================================
Received Import Request.
  Time since last request: 4596.821436 seconds.
  path: Assets/GameData/Prefabs/Enemy.prefab
  artifactKey: Guid(12e2a3434f6d3964b8b720f39762358c) Importer(815301076,1909f56bfc062723c751e8b465ee728b)
Start importing Assets/GameData/Prefabs/Enemy.prefab using Guid(12e2a3434f6d3964b8b720f39762358c) Importer(815301076,1909f56bfc062723c751e8b465ee728b)  -> (artifact id: '6aee1c0e4601485c25ee42f226436b10') in 0.612336 seconds
  Import took 0.624571 seconds .

========================================================================
Received Import Request.
  Time since last request: 0.000260 seconds.
  path: Assets/GameData/Prefabs/Enemy.prefab
  artifactKey: Guid(12e2a3434f6d3964b8b720f39762358c) Importer(815301076,1909f56bfc062723c751e8b465ee728b)
Start importing Assets/GameData/Prefabs/Enemy.prefab using Guid(12e2a3434f6d3964b8b720f39762358c) Importer(815301076,1909f56bfc062723c751e8b465ee728b)  -> (artifact id: 'dd62c1462932e9c0fad834e27da82c93') in 0.116232 seconds
  Import took 0.123942 seconds .

========================================================================
Received Import Request.
  Time since last request: 1.158814 seconds.
  path: Assets/GameData/Prefabs/Enemy.prefab
  artifactKey: Guid(12e2a3434f6d3964b8b720f39762358c) Importer(815301076,1909f56bfc062723c751e8b465ee728b)
Start importing Assets/GameData/Prefabs/Enemy.prefab using Guid(12e2a3434f6d3964b8b720f39762358c) Importer(815301076,1909f56bfc062723c751e8b465ee728b)  -> (artifact id: '67ceea86bb9997c2386bbc318ee3e2c1') in 0.312856 seconds
  Import took 0.321382 seconds .

========================================================================
Received Prepare
Registering precompiled user dll's ...
Registered in 0.002475 seconds.
Begin MonoManager ReloadAssembly
Native extension for WindowsStandalone target not found
Refreshing native plugins compatible for Editor in 0.27 ms, found 0 plugins.
Preloading 0 native plugins for Editor in 0.00 ms.
Invoked RoslynAnalysisRunner static constructor.
RoslynAnalysisRunner will not be running.
RoslynAnalysisRunner has terminated.
Mono: successfully reloaded assembly
- Completed reload, in  2.487 seconds
Platform modules already initialized, skipping
Refreshing native plugins compatible for Editor in 0.25 ms, found 0 plugins.
Preloading 0 native plugins for Editor in 0.00 ms.
Unloading 1095 Unused Serialized files (Serialized files now loaded: 0)
System memory in use before: 76.7 MB.
System memory in use after: 76.8 MB.

Unloading 7 unused Assets to reduce memory usage. Loaded Objects now: 1576.
Total: 68.643000 ms (FindLiveObjects: 0.458700 ms CreateObjectMapping: 0.213100 ms MarkObjects: 21.893800 ms  DeleteObjects: 46.075400 ms)

========================================================================
Received Prepare
Refreshing native plugins compatible for Editor in 1.83 ms, found 0 plugins.
Preloading 0 native plugins for Editor in 0.00 ms.
Unloading 3 Unused Serialized files (Serialized files now loaded: 0)
System memory in use before: 54.6 MB.
System memory in use after: 54.7 MB.

Unloading 3 unused Assets to reduce memory usage. Loaded Objects now: 1576.
Total: 2.686100 ms (FindLiveObjects: 0.120100 ms CreateObjectMapping: 0.034000 ms MarkObjects: 2.468400 ms  DeleteObjects: 0.061700 ms)

========================================================================
Received Prepare
Registering precompiled user dll's ...
Registered in 0.009510 seconds.
Begin MonoManager ReloadAssembly
Native extension for WindowsStandalone target not found
Refreshing native plugins compatible for Editor in 0.24 ms, found 0 plugins.
Preloading 0 native plugins for Editor in 0.00 ms.
Invoked RoslynAnalysisRunner static constructor.
RoslynAnalysisRunner will not be running.
RoslynAnalysisRunner has terminated.
Mono: successfully reloaded assembly
- Completed reload, in  2.847 seconds
Platform modules already initialized, skipping
Refreshing native plugins compatible for Editor in 0.33 ms, found 0 plugins.
Preloading 0 native plugins for Editor in 0.00 ms.
Unloading 1095 Unused Serialized files (Serialized files now loaded: 0)
System memory in use before: 76.6 MB.
System memory in use after: 76.7 MB.

Unloading 5 unused Assets to reduce memory usage. Loaded Objects now: 1578.
Total: 8.653900 ms (FindLiveObjects: 0.307000 ms CreateObjectMapping: 0.073500 ms MarkObjects: 8.207300 ms  DeleteObjects: 0.064000 ms)

AssetImportWorkerClient::OnTransportError - code=2 error=End of file
